<?xml version="1.0" encoding="UTF-8"?>
<!-- Generated by org.testng.reporters.JUnitReportReporter -->
<testsuite hostname="Amans-MacBook-Pro-2.local" failures="0" tests="15" name="company.TG_4418_EmployeeOnboardingTemplate" time="0.003" errors="1" timestamp="2023-03-17T01:22:18 GMT-04:00" skipped="14">
  <testcase classname="company.TG_4418_EmployeeOnboardingTemplate" name="TG_4033_VerifyUserFeild" time="0.000">
    <skipped/>
  </testcase> <!-- TG_4033_VerifyUserFeild -->
  <system-out/>
  <testcase classname="company.TG_4418_EmployeeOnboardingTemplate" name="TG_4036_PdfAttached" time="0.000">
    <skipped/>
  </testcase> <!-- TG_4036_PdfAttached -->
  <system-out/>
  <testcase classname="company.TG_4418_EmployeeOnboardingTemplate" name="TG_4034_VerifyDocumentRequiredVisibleAndCheck" time="0.000">
    <skipped/>
  </testcase> <!-- TG_4034_VerifyDocumentRequiredVisibleAndCheck -->
  <system-out/>
  <testcase classname="company.TG_4418_EmployeeOnboardingTemplate" name="TG_4028_ClickingAddEmployeeOnboardingTemplateNavigateToNewEmployeeOnboardingTemplateForm" time="0.000">
    <skipped/>
  </testcase> <!-- TG_4028_ClickingAddEmployeeOnboardingTemplateNavigateToNewEmployeeOnboardingTemplateForm -->
  <system-out/>
  <testcase classname="company.TG_4418_EmployeeOnboardingTemplate" name="TG_4027_ClickingSetupUnderATSOption" time="0.000">
    <skipped/>
  </testcase> <!-- TG_4027_ClickingSetupUnderATSOption -->
  <system-out/>
  <testcase classname="company.TG_4418_EmployeeOnboardingTemplate" name="TG_4031_ClickingEditButtonVerifyNewModal" time="0.000">
    <skipped/>
  </testcase> <!-- TG_4031_ClickingEditButtonVerifyNewModal -->
  <system-out/>
  <testcase classname="company.TG_4418_EmployeeOnboardingTemplate" name="TG_4038_VerifyEntryOnEmployeeOnboardingTemplate" time="0.000">
    <skipped/>
  </testcase> <!-- TG_4038_VerifyEntryOnEmployeeOnboardingTemplate -->
  <system-out/>
  <testcase classname="company.TG_4418_EmployeeOnboardingTemplate" name="loader" time="0.000">
    <skipped/>
  </testcase> <!-- loader -->
  <system-out/>
  <testcase classname="company.TG_4418_EmployeeOnboardingTemplate" name="TG_4030_ClickingAddRowButton" time="0.000">
    <skipped/>
  </testcase> <!-- TG_4030_ClickingAddRowButton -->
  <system-out/>
  <testcase classname="company.TG_4418_EmployeeOnboardingTemplate" name="TG_4032_VerifyActivityNameVisibleAndMandatory" time="0.000">
    <skipped/>
  </testcase> <!-- TG_4032_VerifyActivityNameVisibleAndMandatory -->
  <system-out/>
  <testcase classname="company.TG_4418_EmployeeOnboardingTemplate" name="TG_4029_VerifyCompanyFieldMandatoryAndAutoPopulate" time="0.000">
    <skipped/>
  </testcase> <!-- TG_4029_VerifyCompanyFieldMandatoryAndAutoPopulate -->
  <system-out/>
  <testcase classname="company.TG_4418_EmployeeOnboardingTemplate" name="closeSession" time="0.000">
    <skipped/>
  </testcase> <!-- closeSession -->
  <system-out/>
  <testcase classname="company.TG_4418_EmployeeOnboardingTemplate" name="TG_4037_ClickSaveButton" time="0.000">
    <skipped/>
  </testcase> <!-- TG_4037_ClickSaveButton -->
  <system-out/>
  <testcase classname="company.TG_4418_EmployeeOnboardingTemplate" name="TG_4035_EnterDocument" time="0.000">
    <skipped/>
  </testcase> <!-- TG_4035_EnterDocument -->
  <system-out/>
  <testcase classname="company.TG_4418_EmployeeOnboardingTemplate" name="setUp" time="0.003">
    <error message="The path to the driver executable The path to the driver executable must be set by the webdriver.chrome.driver system property; for more information, see https://chromedriver.chromium.org/. The latest version can be downloaded from https://chromedriver.chromium.org/downloads" type="java.lang.IllegalStateException">
      <![CDATA[java.lang.IllegalStateException: The path to the driver executable The path to the driver executable must be set by the webdriver.chrome.driver system property; for more information, see https://chromedriver.chromium.org/. The latest version can be downloaded from https://chromedriver.chromium.org/downloads
at org.openqa.selenium.internal.Require$StateChecker.nonNull(Require.java:311)
at org.openqa.selenium.remote.service.DriverService.findExecutable(DriverService.java:135)
at org.openqa.selenium.chrome.ChromeDriverService.access$000(ChromeDriverService.java:39)
at org.openqa.selenium.chrome.ChromeDriverService$Builder.findDefaultExecutable(ChromeDriverService.java:233)
at org.openqa.selenium.remote.service.DriverService$Builder.build(DriverService.java:437)
at org.openqa.selenium.chrome.ChromeDriverService.createServiceWithConfig(ChromeDriverService.java:142)
at org.openqa.selenium.chrome.ChromeDriver.<init>(ChromeDriver.java:70)
at com.sf.base.TestBase.executionBrowser(TestBase.java:256)
at com.sf.base.TestBase.setUp(TestBase.java:211)
at java.base/jdk.internal.reflect.NativeMethodAccessorImpl.invoke0(Native Method)
at java.base/jdk.internal.reflect.NativeMethodAccessorImpl.invoke(NativeMethodAccessorImpl.java:77)
at java.base/jdk.internal.reflect.DelegatingMethodAccessorImpl.invoke(DelegatingMethodAccessorImpl.java:43)
at java.base/java.lang.reflect.Method.invoke(Method.java:568)
at org.testng.internal.MethodInvocationHelper.invokeMethod(MethodInvocationHelper.java:133)
at org.testng.internal.MethodInvocationHelper.invokeMethodConsideringTimeout(MethodInvocationHelper.java:62)
at org.testng.internal.ConfigInvoker.invokeConfigurationMethod(ConfigInvoker.java:385)
at org.testng.internal.ConfigInvoker.invokeConfigurations(ConfigInvoker.java:321)
at org.testng.internal.TestMethodWorker.invokeBeforeClassMethods(TestMethodWorker.java:176)
at org.testng.internal.TestMethodWorker.run(TestMethodWorker.java:122)
at java.base/java.util.ArrayList.forEach(ArrayList.java:1511)
at org.testng.TestRunner.privateRun(TestRunner.java:794)
at org.testng.TestRunner.run(TestRunner.java:596)
at org.testng.SuiteRunner.runTest(SuiteRunner.java:377)
at org.testng.SuiteRunner.runSequentially(SuiteRunner.java:371)
at org.testng.SuiteRunner.privateRun(SuiteRunner.java:332)
at org.testng.SuiteRunner.run(SuiteRunner.java:276)
at org.testng.SuiteRunnerWorker.runSuite(SuiteRunnerWorker.java:53)
at org.testng.SuiteRunnerWorker.run(SuiteRunnerWorker.java:96)
at org.testng.TestNG.runSuitesSequentially(TestNG.java:1212)
at org.testng.TestNG.runSuitesLocally(TestNG.java:1134)
at org.testng.TestNG.runSuites(TestNG.java:1063)
at org.testng.TestNG.run(TestNG.java:1031)
at org.apache.maven.surefire.testng.TestNGExecutor.run(TestNGExecutor.java:281)
at org.apache.maven.surefire.testng.TestNGXmlTestSuite.execute(TestNGXmlTestSuite.java:75)
at org.apache.maven.surefire.testng.TestNGProvider.invoke(TestNGProvider.java:121)
at org.apache.maven.surefire.booter.ForkedBooter.invokeProviderInSameClassLoader(ForkedBooter.java:290)
at org.apache.maven.surefire.booter.ForkedBooter.runSuitesInProcess(ForkedBooter.java:242)
at org.apache.maven.surefire.booter.ForkedBooter.main(ForkedBooter.java:121)
]]>
    </error>
  </testcase> <!-- setUp -->
  <system-out/>
</testsuite> <!-- company.TG_4418_EmployeeOnboardingTemplate -->
